<?xml version="1.0" encoding="UTF-8"?>
<!-- Generated by org.testng.reporters.JUnitXMLReporter -->
<testsuite hostname="DESKTOP-118273O" ignored="1" name="Hubspot Regressiontest" tests="2" failures="1" timestamp="2020-10-04T03:33:09 IST" time="0.19" errors="0">
  <testcase name="@BeforeMethod setup" time="-1.601762589733E9" classname="com.qa.hubspot.test.LoginPageTest">
    <failure type="org.testng.TestNGException" message="
Parameter &amp;apos;browser&amp;apos; is required by BeforeMethod on method setup but has not been marked @Optional or defined
in C:\Users\Aditya\git\HubSpotPOMFramework\hubspotPomFramework\src\test\runner\com\qa\hubspot\testrunners\TestNG_Regression.xml">
      <![CDATA[org.testng.TestNGException: 
Parameter 'browser' is required by BeforeMethod on method setup but has not been marked @Optional or defined
in C:\Users\Aditya\git\HubSpotPOMFramework\hubspotPomFramework\src\test\runner\com\qa\hubspot\testrunners\TestNG_Regression.xml
at java.util.ArrayList.forEach(ArrayList.java:1257)
... Removed 28 stack frames]]>
    </failure>
  </testcase> <!-- @BeforeMethod setup -->
  <testcase name="verifyTitleTest" time="0.0" classname="com.qa.hubspot.test.LoginPageTest">
    <skipped/>
  </testcase> <!-- verifyTitleTest -->
  <testcase name="verifyTitleTest" time="0.134" classname="com.qa.hubspot.test.LoginPageTest">
    <failure type="java.lang.NullPointerException">
      <![CDATA[java.lang.NullPointerException
at com.qa.hubspot.base.BasePage.getScreenshot(BasePage.java:119)
at com.qa.hubspot.Listeners.ExtentReportListener.onTestSkipped(ExtentReportListener.java:108)
at java.util.ArrayList.forEach(ArrayList.java:1257)
... Removed 25 stack frames]]>
    </failure>
  </testcase> <!-- verifyTitleTest -->
  <testcase name="negativeLoginTest" time="0.0" classname="com.qa.hubspot.test.LoginPageTest">
    <ignored/>
  </testcase> <!-- negativeLoginTest -->
</testsuite> <!-- Hubspot Regressiontest -->
