<?xml version="1.0" encoding="UTF-8"?>
<testng-results skipped="0" failed="2" ignored="2" total="10" passed="6">
  <reporter-output>
  </reporter-output>
  <suite name="Hubspot Regression suite" duration-ms="101612" started-at="2020-10-04T03:33:38 IST" finished-at="2020-10-04T03:35:20 IST">
    <groups>
    </groups>
    <test name="Hubspot Regressiontest --chrome" duration-ms="83396" started-at="2020-10-04T03:33:38 IST" finished-at="2020-10-04T03:35:02 IST">
      <class name="com.qa.hubspot.test.LoginPageTest">
        <test-method status="PASS" signature="setup(java.lang.String)[pri:0, instance:com.qa.hubspot.test.LoginPageTest@ba8d91c]" name="setup" is-config="true" duration-ms="19618" started-at="2020-10-04T03:33:39 IST" finished-at="2020-10-04T03:33:58 IST">
          <params>
            <param index="0">
              <value>
                <![CDATA[chrome]]>
              </value>
            </param>
          </params>
          <reporter-output>
          </reporter-output>
        </test-method> <!-- setup -->
        <test-method status="FAIL" signature="verifyTitleTest()[pri:1, instance:com.qa.hubspot.test.LoginPageTest@ba8d91c]" name="verifyTitleTest" duration-ms="8056" started-at="2020-10-04T03:33:58 IST" finished-at="2020-10-04T03:34:06 IST">
          <exception class="java.lang.AssertionError">
            <message>
              <![CDATA[expected [HubSpot Login234] but found [HubSpot Login]]]>
            </message>
            <full-stacktrace>
              <![CDATA[java.lang.AssertionError: expected [HubSpot Login234] but found [HubSpot Login]
at org.testng.Assert.fail(Assert.java:97)
at org.testng.Assert.assertEqualsImpl(Assert.java:136)
at org.testng.Assert.assertEquals(Assert.java:118)
at org.testng.Assert.assertEquals(Assert.java:575)
at org.testng.Assert.assertEquals(Assert.java:585)
at com.qa.hubspot.test.LoginPageTest.verifyTitleTest(LoginPageTest.java:53)
at sun.reflect.NativeMethodAccessorImpl.invoke0(Native Method)
at sun.reflect.NativeMethodAccessorImpl.invoke(Unknown Source)
at sun.reflect.DelegatingMethodAccessorImpl.invoke(Unknown Source)
at java.lang.reflect.Method.invoke(Unknown Source)
at org.testng.internal.MethodInvocationHelper.invokeMethod(MethodInvocationHelper.java:135)
at org.testng.internal.TestInvoker.invokeMethod(TestInvoker.java:598)
at org.testng.internal.TestInvoker.invokeTestMethod(TestInvoker.java:174)
at org.testng.internal.MethodRunner.runInSequence(MethodRunner.java:46)
at org.testng.internal.TestInvoker$MethodInvocationAgent.invoke(TestInvoker.java:821)
at org.testng.internal.TestInvoker.invokeTestMethods(TestInvoker.java:147)
at org.testng.internal.TestMethodWorker.invokeTestMethods(TestMethodWorker.java:146)
at org.testng.internal.TestMethodWorker.run(TestMethodWorker.java:128)
at java.util.ArrayList.forEach(Unknown Source)
at org.testng.TestRunner.privateRun(TestRunner.java:767)
at org.testng.TestRunner.run(TestRunner.java:588)
at org.testng.SuiteRunner.runTest(SuiteRunner.java:384)
at org.testng.SuiteRunner.access$000(SuiteRunner.java:28)
at org.testng.SuiteRunner$SuiteWorker.run(SuiteRunner.java:425)
at org.testng.internal.thread.ThreadUtil.lambda$execute$0(ThreadUtil.java:68)
at java.util.concurrent.FutureTask.run(Unknown Source)
at java.util.concurrent.ThreadPoolExecutor.runWorker(Unknown Source)
at java.util.concurrent.ThreadPoolExecutor$Worker.run(Unknown Source)
at java.lang.Thread.run(Unknown Source)
]]>
            </full-stacktrace>
          </exception> <!-- java.lang.AssertionError -->
          <reporter-output>
          </reporter-output>
        </test-method> <!-- verifyTitleTest -->
        <test-method status="PASS" signature="tearDown()[pri:0, instance:com.qa.hubspot.test.LoginPageTest@ba8d91c]" name="tearDown" is-config="true" duration-ms="1188" started-at="2020-10-04T03:34:07 IST" finished-at="2020-10-04T03:34:08 IST">
          <reporter-output>
          </reporter-output>
        </test-method> <!-- tearDown -->
        <test-method status="PASS" signature="setup(java.lang.String)[pri:0, instance:com.qa.hubspot.test.LoginPageTest@ba8d91c]" name="setup" is-config="true" duration-ms="8045" started-at="2020-10-04T03:34:08 IST" finished-at="2020-10-04T03:34:16 IST">
          <params>
            <param index="0">
              <value>
                <![CDATA[chrome]]>
              </value>
            </param>
          </params>
          <reporter-output>
          </reporter-output>
        </test-method> <!-- setup -->
        <test-method status="PASS" signature="verifySignupTest()[pri:2, instance:com.qa.hubspot.test.LoginPageTest@ba8d91c]" name="verifySignupTest" duration-ms="7305" started-at="2020-10-04T03:34:16 IST" finished-at="2020-10-04T03:34:23 IST">
          <reporter-output>
          </reporter-output>
        </test-method> <!-- verifySignupTest -->
        <test-method status="PASS" signature="tearDown()[pri:0, instance:com.qa.hubspot.test.LoginPageTest@ba8d91c]" name="tearDown" is-config="true" duration-ms="2456" started-at="2020-10-04T03:34:23 IST" finished-at="2020-10-04T03:34:26 IST">
          <reporter-output>
          </reporter-output>
        </test-method> <!-- tearDown -->
        <test-method status="PASS" signature="setup(java.lang.String)[pri:0, instance:com.qa.hubspot.test.LoginPageTest@ba8d91c]" name="setup" is-config="true" duration-ms="8165" started-at="2020-10-04T03:34:26 IST" finished-at="2020-10-04T03:34:34 IST">
          <params>
            <param index="0">
              <value>
                <![CDATA[chrome]]>
              </value>
            </param>
          </params>
          <reporter-output>
          </reporter-output>
        </test-method> <!-- setup -->
        <test-method status="PASS" signature="verifyForgotPasswordTest()[pri:3, instance:com.qa.hubspot.test.LoginPageTest@ba8d91c]" name="verifyForgotPasswordTest" duration-ms="9361" started-at="2020-10-04T03:34:34 IST" finished-at="2020-10-04T03:34:43 IST">
          <reporter-output>
          </reporter-output>
        </test-method> <!-- verifyForgotPasswordTest -->
        <test-method status="PASS" signature="tearDown()[pri:0, instance:com.qa.hubspot.test.LoginPageTest@ba8d91c]" name="tearDown" is-config="true" duration-ms="1241" started-at="2020-10-04T03:34:43 IST" finished-at="2020-10-04T03:34:44 IST">
          <reporter-output>
          </reporter-output>
        </test-method> <!-- tearDown -->
        <test-method status="PASS" signature="setup(java.lang.String)[pri:0, instance:com.qa.hubspot.test.LoginPageTest@ba8d91c]" name="setup" is-config="true" duration-ms="7303" started-at="2020-10-04T03:34:44 IST" finished-at="2020-10-04T03:34:52 IST">
          <params>
            <param index="0">
              <value>
                <![CDATA[chrome]]>
              </value>
            </param>
          </params>
          <reporter-output>
          </reporter-output>
        </test-method> <!-- setup -->
        <test-method status="PASS" signature="verifyLoginTest()[pri:4, instance:com.qa.hubspot.test.LoginPageTest@ba8d91c]" name="verifyLoginTest" duration-ms="8135" started-at="2020-10-04T03:34:52 IST" finished-at="2020-10-04T03:35:00 IST">
          <reporter-output>
          </reporter-output>
        </test-method> <!-- verifyLoginTest -->
        <test-method status="PASS" signature="tearDown()[pri:0, instance:com.qa.hubspot.test.LoginPageTest@ba8d91c]" name="tearDown" is-config="true" duration-ms="2010" started-at="2020-10-04T03:35:00 IST" finished-at="2020-10-04T03:35:02 IST">
          <reporter-output>
          </reporter-output>
        </test-method> <!-- tearDown -->
      </class> <!-- com.qa.hubspot.test.LoginPageTest -->
    </test> <!-- Hubspot Regressiontest -chrome -->
    <test name="Hubspot Regressiontest --ff" duration-ms="101612" started-at="2020-10-04T03:33:38 IST" finished-at="2020-10-04T03:35:20 IST">
      <class name="com.qa.hubspot.test.LoginPageTest">
        <test-method status="PASS" signature="setup(java.lang.String)[pri:0, instance:com.qa.hubspot.test.LoginPageTest@1445d7f]" name="setup" is-config="true" duration-ms="19268" started-at="2020-10-04T03:33:39 IST" finished-at="2020-10-04T03:33:58 IST">
          <params>
            <param index="0">
              <value>
                <![CDATA[firefox]]>
              </value>
            </param>
          </params>
          <reporter-output>
          </reporter-output>
        </test-method> <!-- setup -->
        <test-method status="FAIL" signature="verifyTitleTest()[pri:1, instance:com.qa.hubspot.test.LoginPageTest@1445d7f]" name="verifyTitleTest" duration-ms="6053" started-at="2020-10-04T03:33:58 IST" finished-at="2020-10-04T03:34:04 IST">
          <exception class="java.lang.AssertionError">
            <message>
              <![CDATA[expected [HubSpot Login234] but found [HubSpot Login]]]>
            </message>
            <full-stacktrace>
              <![CDATA[java.lang.AssertionError: expected [HubSpot Login234] but found [HubSpot Login]
at org.testng.Assert.fail(Assert.java:97)
at org.testng.Assert.assertEqualsImpl(Assert.java:136)
at org.testng.Assert.assertEquals(Assert.java:118)
at org.testng.Assert.assertEquals(Assert.java:575)
at org.testng.Assert.assertEquals(Assert.java:585)
at com.qa.hubspot.test.LoginPageTest.verifyTitleTest(LoginPageTest.java:53)
at sun.reflect.NativeMethodAccessorImpl.invoke0(Native Method)
at sun.reflect.NativeMethodAccessorImpl.invoke(Unknown Source)
at sun.reflect.DelegatingMethodAccessorImpl.invoke(Unknown Source)
at java.lang.reflect.Method.invoke(Unknown Source)
at org.testng.internal.MethodInvocationHelper.invokeMethod(MethodInvocationHelper.java:135)
at org.testng.internal.TestInvoker.invokeMethod(TestInvoker.java:598)
at org.testng.internal.TestInvoker.invokeTestMethod(TestInvoker.java:174)
at org.testng.internal.MethodRunner.runInSequence(MethodRunner.java:46)
at org.testng.internal.TestInvoker$MethodInvocationAgent.invoke(TestInvoker.java:821)
at org.testng.internal.TestInvoker.invokeTestMethods(TestInvoker.java:147)
at org.testng.internal.TestMethodWorker.invokeTestMethods(TestMethodWorker.java:146)
at org.testng.internal.TestMethodWorker.run(TestMethodWorker.java:128)
at java.util.ArrayList.forEach(Unknown Source)
at org.testng.TestRunner.privateRun(TestRunner.java:767)
at org.testng.TestRunner.run(TestRunner.java:588)
at org.testng.SuiteRunner.runTest(SuiteRunner.java:384)
at org.testng.SuiteRunner.access$000(SuiteRunner.java:28)
at org.testng.SuiteRunner$SuiteWorker.run(SuiteRunner.java:425)
at org.testng.internal.thread.ThreadUtil.lambda$execute$0(ThreadUtil.java:68)
at java.util.concurrent.FutureTask.run(Unknown Source)
at java.util.concurrent.ThreadPoolExecutor.runWorker(Unknown Source)
at java.util.concurrent.ThreadPoolExecutor$Worker.run(Unknown Source)
at java.lang.Thread.run(Unknown Source)
]]>
            </full-stacktrace>
          </exception> <!-- java.lang.AssertionError -->
          <reporter-output>
          </reporter-output>
        </test-method> <!-- verifyTitleTest -->
        <test-method status="PASS" signature="tearDown()[pri:0, instance:com.qa.hubspot.test.LoginPageTest@1445d7f]" name="tearDown" is-config="true" duration-ms="3889" started-at="2020-10-04T03:34:05 IST" finished-at="2020-10-04T03:34:09 IST">
          <reporter-output>
          </reporter-output>
        </test-method> <!-- tearDown -->
        <test-method status="PASS" signature="setup(java.lang.String)[pri:0, instance:com.qa.hubspot.test.LoginPageTest@1445d7f]" name="setup" is-config="true" duration-ms="13854" started-at="2020-10-04T03:34:09 IST" finished-at="2020-10-04T03:34:22 IST">
          <params>
            <param index="0">
              <value>
                <![CDATA[firefox]]>
              </value>
            </param>
          </params>
          <reporter-output>
          </reporter-output>
        </test-method> <!-- setup -->
        <test-method status="PASS" signature="verifySignupTest()[pri:2, instance:com.qa.hubspot.test.LoginPageTest@1445d7f]" name="verifySignupTest" duration-ms="6102" started-at="2020-10-04T03:34:22 IST" finished-at="2020-10-04T03:34:29 IST">
          <reporter-output>
          </reporter-output>
        </test-method> <!-- verifySignupTest -->
        <test-method status="PASS" signature="tearDown()[pri:0, instance:com.qa.hubspot.test.LoginPageTest@1445d7f]" name="tearDown" is-config="true" duration-ms="5000" started-at="2020-10-04T03:34:29 IST" finished-at="2020-10-04T03:34:34 IST">
          <reporter-output>
          </reporter-output>
        </test-method> <!-- tearDown -->
        <test-method status="PASS" signature="setup(java.lang.String)[pri:0, instance:com.qa.hubspot.test.LoginPageTest@1445d7f]" name="setup" is-config="true" duration-ms="14546" started-at="2020-10-04T03:34:34 IST" finished-at="2020-10-04T03:34:48 IST">
          <params>
            <param index="0">
              <value>
                <![CDATA[firefox]]>
              </value>
            </param>
          </params>
          <reporter-output>
          </reporter-output>
        </test-method> <!-- setup -->
        <test-method status="PASS" signature="verifyForgotPasswordTest()[pri:3, instance:com.qa.hubspot.test.LoginPageTest@1445d7f]" name="verifyForgotPasswordTest" duration-ms="5241" started-at="2020-10-04T03:34:48 IST" finished-at="2020-10-04T03:34:53 IST">
          <reporter-output>
          </reporter-output>
        </test-method> <!-- verifyForgotPasswordTest -->
        <test-method status="PASS" signature="tearDown()[pri:0, instance:com.qa.hubspot.test.LoginPageTest@1445d7f]" name="tearDown" is-config="true" duration-ms="3656" started-at="2020-10-04T03:34:53 IST" finished-at="2020-10-04T03:34:57 IST">
          <reporter-output>
          </reporter-output>
        </test-method> <!-- tearDown -->
        <test-method status="PASS" signature="setup(java.lang.String)[pri:0, instance:com.qa.hubspot.test.LoginPageTest@1445d7f]" name="setup" is-config="true" duration-ms="12334" started-at="2020-10-04T03:34:57 IST" finished-at="2020-10-04T03:35:09 IST">
          <params>
            <param index="0">
              <value>
                <![CDATA[firefox]]>
              </value>
            </param>
          </params>
          <reporter-output>
          </reporter-output>
        </test-method> <!-- setup -->
        <test-method status="PASS" signature="verifyLoginTest()[pri:4, instance:com.qa.hubspot.test.LoginPageTest@1445d7f]" name="verifyLoginTest" duration-ms="7529" started-at="2020-10-04T03:35:09 IST" finished-at="2020-10-04T03:35:17 IST">
          <reporter-output>
          </reporter-output>
        </test-method> <!-- verifyLoginTest -->
        <test-method status="PASS" signature="tearDown()[pri:0, instance:com.qa.hubspot.test.LoginPageTest@1445d7f]" name="tearDown" is-config="true" duration-ms="3194" started-at="2020-10-04T03:35:17 IST" finished-at="2020-10-04T03:35:20 IST">
          <reporter-output>
          </reporter-output>
        </test-method> <!-- tearDown -->
      </class> <!-- com.qa.hubspot.test.LoginPageTest -->
    </test> <!-- Hubspot Regressiontest -ff -->
  </suite> <!-- Hubspot Regression suite -->
</testng-results>
